2022-12-04 14:38:22,215 INFO org.springframework.boot.StartupInfoLogger [JavaFX-Launcher] Starting application using Java 19.0.1 on Ruslans-MacBook-Pro.local with PID 1731 (started by ruslanr in /Users/ruslanr/University/AppliedProgramming/AirManager)
2022-12-04 14:38:22,217 INFO org.springframework.boot.SpringApplication [JavaFX-Launcher] No active profile set, falling back to 1 default profile: "default"
2022-12-04 14:38:22,497 INFO org.springframework.data.repository.config.RepositoryConfigurationDelegate [JavaFX-Launcher] Bootstrapping Spring Data JPA repositories in DEFAULT mode.
2022-12-04 14:38:22,525 INFO org.springframework.data.repository.config.RepositoryConfigurationDelegate [JavaFX-Launcher] Finished Spring Data repository scanning in 24 ms. Found 4 JPA repository interfaces.
2022-12-04 14:38:22,771 INFO com.zaxxer.hikari.HikariDataSource [JavaFX-Launcher] HikariPool-1 - Starting...
2022-12-04 14:38:23,342 INFO com.zaxxer.hikari.HikariDataSource [JavaFX-Launcher] HikariPool-1 - Start completed.
2022-12-04 14:38:23,369 INFO org.hibernate.jpa.internal.util.LogHelper [JavaFX-Launcher] HHH000204: Processing PersistenceUnitInfo [name: default]
2022-12-04 14:38:23,391 INFO org.hibernate.Version [JavaFX-Launcher] HHH000412: Hibernate ORM core version 5.6.12.Final
2022-12-04 14:38:23,460 INFO org.hibernate.annotations.common.reflection.java.JavaReflectionManager [JavaFX-Launcher] HCANN000001: Hibernate Commons Annotations {5.1.2.Final}
2022-12-04 14:38:23,514 INFO org.hibernate.dialect.Dialect [JavaFX-Launcher] HHH000400: Using dialect: org.hibernate.dialect.PostgreSQL10Dialect
2022-12-04 14:38:23,778 INFO org.hibernate.engine.transaction.jta.platform.internal.JtaPlatformInitiator [JavaFX-Launcher] HHH000490: Using JtaPlatform implementation: [org.hibernate.engine.transaction.jta.platform.internal.NoJtaPlatform]
2022-12-04 14:38:23,781 INFO org.springframework.orm.jpa.AbstractEntityManagerFactoryBean [JavaFX-Launcher] Initialized JPA EntityManagerFactory for persistence unit 'default'
2022-12-04 14:38:24,005 INFO org.springframework.boot.StartupInfoLogger [JavaFX-Launcher] Started application in 1.978 seconds (JVM running for 7.809)
2022-12-04 14:44:47,444 INFO org.springframework.orm.jpa.AbstractEntityManagerFactoryBean [SpringApplicationShutdownHook] Closing JPA EntityManagerFactory for persistence unit 'default'
2022-12-04 14:44:47,456 INFO com.zaxxer.hikari.HikariDataSource [SpringApplicationShutdownHook] HikariPool-1 - Shutdown initiated...
2022-12-04 14:44:47,634 INFO com.zaxxer.hikari.HikariDataSource [SpringApplicationShutdownHook] HikariPool-1 - Shutdown completed.
2022-12-04 14:44:55,259 INFO org.springframework.boot.StartupInfoLogger [JavaFX-Launcher] Starting application using Java 19.0.1 on Ruslans-MacBook-Pro.local with PID 1873 (started by ruslanr in /Users/ruslanr/University/AppliedProgramming/AirManager)
2022-12-04 14:44:55,260 INFO org.springframework.boot.SpringApplication [JavaFX-Launcher] No active profile set, falling back to 1 default profile: "default"
2022-12-04 14:44:55,525 INFO org.springframework.data.repository.config.RepositoryConfigurationDelegate [JavaFX-Launcher] Bootstrapping Spring Data JPA repositories in DEFAULT mode.
2022-12-04 14:44:55,560 INFO org.springframework.data.repository.config.RepositoryConfigurationDelegate [JavaFX-Launcher] Finished Spring Data repository scanning in 31 ms. Found 4 JPA repository interfaces.
2022-12-04 14:44:55,749 INFO com.zaxxer.hikari.HikariDataSource [JavaFX-Launcher] HikariPool-1 - Starting...
2022-12-04 14:44:56,261 INFO com.zaxxer.hikari.HikariDataSource [JavaFX-Launcher] HikariPool-1 - Start completed.
2022-12-04 14:44:56,291 INFO org.hibernate.jpa.internal.util.LogHelper [JavaFX-Launcher] HHH000204: Processing PersistenceUnitInfo [name: default]
2022-12-04 14:44:56,314 INFO org.hibernate.Version [JavaFX-Launcher] HHH000412: Hibernate ORM core version 5.6.12.Final
2022-12-04 14:44:56,383 INFO org.hibernate.annotations.common.reflection.java.JavaReflectionManager [JavaFX-Launcher] HCANN000001: Hibernate Commons Annotations {5.1.2.Final}
2022-12-04 14:44:56,440 INFO org.hibernate.dialect.Dialect [JavaFX-Launcher] HHH000400: Using dialect: org.hibernate.dialect.PostgreSQL10Dialect
2022-12-04 14:44:56,694 INFO org.hibernate.engine.transaction.jta.platform.internal.JtaPlatformInitiator [JavaFX-Launcher] HHH000490: Using JtaPlatform implementation: [org.hibernate.engine.transaction.jta.platform.internal.NoJtaPlatform]
2022-12-04 14:44:56,698 INFO org.springframework.orm.jpa.AbstractEntityManagerFactoryBean [JavaFX-Launcher] Initialized JPA EntityManagerFactory for persistence unit 'default'
2022-12-04 14:44:56,928 INFO org.springframework.boot.StartupInfoLogger [JavaFX-Launcher] Started application in 1.829 seconds (JVM running for 7.413)
2022-12-04 14:46:04,234 INFO org.springframework.orm.jpa.AbstractEntityManagerFactoryBean [SpringApplicationShutdownHook] Closing JPA EntityManagerFactory for persistence unit 'default'
2022-12-04 14:46:04,243 INFO com.zaxxer.hikari.HikariDataSource [SpringApplicationShutdownHook] HikariPool-1 - Shutdown initiated...
2022-12-04 14:46:32,895 INFO org.springframework.boot.StartupInfoLogger [JavaFX-Launcher] Starting application using Java 19.0.1 on Ruslans-MacBook-Pro.local with PID 1903 (started by ruslanr in /Users/ruslanr/University/AppliedProgramming/AirManager)
2022-12-04 14:46:32,896 INFO org.springframework.boot.SpringApplication [JavaFX-Launcher] No active profile set, falling back to 1 default profile: "default"
2022-12-04 14:46:33,075 INFO org.springframework.data.repository.config.RepositoryConfigurationDelegate [JavaFX-Launcher] Bootstrapping Spring Data JPA repositories in DEFAULT mode.
2022-12-04 14:46:33,105 INFO org.springframework.data.repository.config.RepositoryConfigurationDelegate [JavaFX-Launcher] Finished Spring Data repository scanning in 27 ms. Found 4 JPA repository interfaces.
2022-12-04 14:46:33,245 INFO com.zaxxer.hikari.HikariDataSource [JavaFX-Launcher] HikariPool-1 - Starting...
2022-12-04 14:46:33,962 INFO com.zaxxer.hikari.HikariDataSource [JavaFX-Launcher] HikariPool-1 - Start completed.
2022-12-04 14:46:33,994 INFO org.hibernate.jpa.internal.util.LogHelper [JavaFX-Launcher] HHH000204: Processing PersistenceUnitInfo [name: default]
2022-12-04 14:46:34,017 INFO org.hibernate.Version [JavaFX-Launcher] HHH000412: Hibernate ORM core version 5.6.12.Final
2022-12-04 14:46:34,091 INFO org.hibernate.annotations.common.reflection.java.JavaReflectionManager [JavaFX-Launcher] HCANN000001: Hibernate Commons Annotations {5.1.2.Final}
2022-12-04 14:46:34,143 INFO org.hibernate.dialect.Dialect [JavaFX-Launcher] HHH000400: Using dialect: org.hibernate.dialect.PostgreSQL10Dialect
2022-12-04 14:46:34,393 INFO org.hibernate.engine.transaction.jta.platform.internal.JtaPlatformInitiator [JavaFX-Launcher] HHH000490: Using JtaPlatform implementation: [org.hibernate.engine.transaction.jta.platform.internal.NoJtaPlatform]
2022-12-04 14:46:34,396 INFO org.springframework.orm.jpa.AbstractEntityManagerFactoryBean [JavaFX-Launcher] Initialized JPA EntityManagerFactory for persistence unit 'default'
2022-12-04 14:46:34,615 INFO org.springframework.boot.StartupInfoLogger [JavaFX-Launcher] Started application in 1.877 seconds (JVM running for 7.379)
2022-12-04 14:51:13,817 INFO org.springframework.orm.jpa.AbstractEntityManagerFactoryBean [SpringApplicationShutdownHook] Closing JPA EntityManagerFactory for persistence unit 'default'
2022-12-04 14:51:13,825 INFO com.zaxxer.hikari.HikariDataSource [SpringApplicationShutdownHook] HikariPool-1 - Shutdown initiated...
2022-12-04 14:51:21,850 INFO org.springframework.boot.StartupInfoLogger [JavaFX-Launcher] Starting application using Java 19.0.1 on Ruslans-MacBook-Pro.local with PID 1979 (started by ruslanr in /Users/ruslanr/University/AppliedProgramming/AirManager)
2022-12-04 14:51:21,851 INFO org.springframework.boot.SpringApplication [JavaFX-Launcher] No active profile set, falling back to 1 default profile: "default"
2022-12-04 14:51:22,143 INFO org.springframework.data.repository.config.RepositoryConfigurationDelegate [JavaFX-Launcher] Bootstrapping Spring Data JPA repositories in DEFAULT mode.
2022-12-04 14:51:22,193 INFO org.springframework.data.repository.config.RepositoryConfigurationDelegate [JavaFX-Launcher] Finished Spring Data repository scanning in 45 ms. Found 4 JPA repository interfaces.
2022-12-04 14:51:22,499 INFO com.zaxxer.hikari.HikariDataSource [JavaFX-Launcher] HikariPool-1 - Starting...
2022-12-04 14:51:22,945 INFO com.zaxxer.hikari.HikariDataSource [JavaFX-Launcher] HikariPool-1 - Start completed.
2022-12-04 14:51:22,973 INFO org.hibernate.jpa.internal.util.LogHelper [JavaFX-Launcher] HHH000204: Processing PersistenceUnitInfo [name: default]
2022-12-04 14:51:22,993 INFO org.hibernate.Version [JavaFX-Launcher] HHH000412: Hibernate ORM core version 5.6.12.Final
2022-12-04 14:51:23,059 INFO org.hibernate.annotations.common.reflection.java.JavaReflectionManager [JavaFX-Launcher] HCANN000001: Hibernate Commons Annotations {5.1.2.Final}
2022-12-04 14:51:23,106 INFO org.hibernate.dialect.Dialect [JavaFX-Launcher] HHH000400: Using dialect: org.hibernate.dialect.PostgreSQL10Dialect
2022-12-04 14:51:23,363 INFO org.hibernate.engine.transaction.jta.platform.internal.JtaPlatformInitiator [JavaFX-Launcher] HHH000490: Using JtaPlatform implementation: [org.hibernate.engine.transaction.jta.platform.internal.NoJtaPlatform]
2022-12-04 14:51:23,367 INFO org.springframework.orm.jpa.AbstractEntityManagerFactoryBean [JavaFX-Launcher] Initialized JPA EntityManagerFactory for persistence unit 'default'
2022-12-04 14:51:23,598 INFO org.springframework.boot.StartupInfoLogger [JavaFX-Launcher] Started application in 1.896 seconds (JVM running for 7.447)
2022-12-04 14:51:36,016 INFO org.springframework.orm.jpa.AbstractEntityManagerFactoryBean [SpringApplicationShutdownHook] Closing JPA EntityManagerFactory for persistence unit 'default'
2022-12-04 14:51:36,018 INFO com.zaxxer.hikari.HikariDataSource [SpringApplicationShutdownHook] HikariPool-1 - Shutdown initiated...
2022-12-04 14:51:47,424 INFO org.springframework.boot.StartupInfoLogger [JavaFX-Launcher] Starting application using Java 19.0.1 on Ruslans-MacBook-Pro.local with PID 1994 (started by ruslanr in /Users/ruslanr/University/AppliedProgramming/AirManager)
2022-12-04 14:51:47,425 INFO org.springframework.boot.SpringApplication [JavaFX-Launcher] No active profile set, falling back to 1 default profile: "default"
2022-12-04 14:51:47,592 INFO org.springframework.data.repository.config.RepositoryConfigurationDelegate [JavaFX-Launcher] Bootstrapping Spring Data JPA repositories in DEFAULT mode.
2022-12-04 14:51:47,619 INFO org.springframework.data.repository.config.RepositoryConfigurationDelegate [JavaFX-Launcher] Finished Spring Data repository scanning in 24 ms. Found 4 JPA repository interfaces.
2022-12-04 14:51:47,756 INFO com.zaxxer.hikari.HikariDataSource [JavaFX-Launcher] HikariPool-1 - Starting...
2022-12-04 14:51:48,098 INFO com.zaxxer.hikari.HikariDataSource [JavaFX-Launcher] HikariPool-1 - Start completed.
2022-12-04 14:51:48,131 INFO org.hibernate.jpa.internal.util.LogHelper [JavaFX-Launcher] HHH000204: Processing PersistenceUnitInfo [name: default]
2022-12-04 14:51:48,152 INFO org.hibernate.Version [JavaFX-Launcher] HHH000412: Hibernate ORM core version 5.6.12.Final
2022-12-04 14:51:48,218 INFO org.hibernate.annotations.common.reflection.java.JavaReflectionManager [JavaFX-Launcher] HCANN000001: Hibernate Commons Annotations {5.1.2.Final}
2022-12-04 14:51:48,262 INFO org.hibernate.dialect.Dialect [JavaFX-Launcher] HHH000400: Using dialect: org.hibernate.dialect.PostgreSQL10Dialect
2022-12-04 14:51:48,504 INFO org.hibernate.engine.transaction.jta.platform.internal.JtaPlatformInitiator [JavaFX-Launcher] HHH000490: Using JtaPlatform implementation: [org.hibernate.engine.transaction.jta.platform.internal.NoJtaPlatform]
2022-12-04 14:51:48,508 INFO org.springframework.orm.jpa.AbstractEntityManagerFactoryBean [JavaFX-Launcher] Initialized JPA EntityManagerFactory for persistence unit 'default'
2022-12-04 14:51:48,724 INFO org.springframework.boot.StartupInfoLogger [JavaFX-Launcher] Started application in 1.442 seconds (JVM running for 6.955)
2022-12-04 14:54:07,522 INFO org.springframework.orm.jpa.AbstractEntityManagerFactoryBean [SpringApplicationShutdownHook] Closing JPA EntityManagerFactory for persistence unit 'default'
2022-12-04 14:54:07,525 INFO com.zaxxer.hikari.HikariDataSource [SpringApplicationShutdownHook] HikariPool-1 - Shutdown initiated...
2022-12-04 14:54:07,680 INFO com.zaxxer.hikari.HikariDataSource [SpringApplicationShutdownHook] HikariPool-1 - Shutdown completed.
2022-12-04 15:01:42,738 INFO org.springframework.boot.StartupInfoLogger [JavaFX-Launcher] Starting application using Java 19.0.1 on Ruslans-MacBook-Pro.local with PID 2100 (started by ruslanr in /Users/ruslanr/University/AppliedProgramming/AirManager)
2022-12-04 15:01:42,739 INFO org.springframework.boot.SpringApplication [JavaFX-Launcher] No active profile set, falling back to 1 default profile: "default"
2022-12-04 15:01:42,917 INFO org.springframework.data.repository.config.RepositoryConfigurationDelegate [JavaFX-Launcher] Bootstrapping Spring Data JPA repositories in DEFAULT mode.
2022-12-04 15:01:42,950 INFO org.springframework.data.repository.config.RepositoryConfigurationDelegate [JavaFX-Launcher] Finished Spring Data repository scanning in 29 ms. Found 4 JPA repository interfaces.
2022-12-04 15:01:43,093 INFO com.zaxxer.hikari.HikariDataSource [JavaFX-Launcher] HikariPool-1 - Starting...
2022-12-04 15:01:43,642 INFO com.zaxxer.hikari.HikariDataSource [JavaFX-Launcher] HikariPool-1 - Start completed.
2022-12-04 15:01:43,672 INFO org.hibernate.jpa.internal.util.LogHelper [JavaFX-Launcher] HHH000204: Processing PersistenceUnitInfo [name: default]
2022-12-04 15:01:43,699 INFO org.hibernate.Version [JavaFX-Launcher] HHH000412: Hibernate ORM core version 5.6.12.Final
2022-12-04 15:01:43,771 INFO org.hibernate.annotations.common.reflection.java.JavaReflectionManager [JavaFX-Launcher] HCANN000001: Hibernate Commons Annotations {5.1.2.Final}
2022-12-04 15:01:43,817 INFO org.hibernate.dialect.Dialect [JavaFX-Launcher] HHH000400: Using dialect: org.hibernate.dialect.PostgreSQL10Dialect
2022-12-04 15:01:44,065 INFO org.hibernate.engine.transaction.jta.platform.internal.JtaPlatformInitiator [JavaFX-Launcher] HHH000490: Using JtaPlatform implementation: [org.hibernate.engine.transaction.jta.platform.internal.NoJtaPlatform]
2022-12-04 15:01:44,068 INFO org.springframework.orm.jpa.AbstractEntityManagerFactoryBean [JavaFX-Launcher] Initialized JPA EntityManagerFactory for persistence unit 'default'
2022-12-04 15:01:44,288 INFO org.springframework.boot.StartupInfoLogger [JavaFX-Launcher] Started application in 1.703 seconds (JVM running for 7.306)
2022-12-04 15:17:10,596 INFO org.springframework.orm.jpa.AbstractEntityManagerFactoryBean [SpringApplicationShutdownHook] Closing JPA EntityManagerFactory for persistence unit 'default'
2022-12-04 15:17:10,607 INFO com.zaxxer.hikari.HikariDataSource [SpringApplicationShutdownHook] HikariPool-1 - Shutdown initiated...
2022-12-04 15:17:10,784 INFO com.zaxxer.hikari.HikariDataSource [SpringApplicationShutdownHook] HikariPool-1 - Shutdown completed.
2022-12-04 15:17:18,820 INFO org.springframework.boot.StartupInfoLogger [JavaFX-Launcher] Starting application using Java 19.0.1 on Ruslans-MacBook-Pro.local with PID 2396 (started by ruslanr in /Users/ruslanr/University/AppliedProgramming/AirManager)
2022-12-04 15:17:18,822 INFO org.springframework.boot.SpringApplication [JavaFX-Launcher] No active profile set, falling back to 1 default profile: "default"
2022-12-04 15:17:19,115 INFO org.springframework.data.repository.config.RepositoryConfigurationDelegate [JavaFX-Launcher] Bootstrapping Spring Data JPA repositories in DEFAULT mode.
2022-12-04 15:17:19,170 INFO org.springframework.data.repository.config.RepositoryConfigurationDelegate [JavaFX-Launcher] Finished Spring Data repository scanning in 49 ms. Found 4 JPA repository interfaces.
2022-12-04 15:17:19,393 INFO com.zaxxer.hikari.HikariDataSource [JavaFX-Launcher] HikariPool-1 - Starting...
2022-12-04 15:17:19,842 INFO com.zaxxer.hikari.HikariDataSource [JavaFX-Launcher] HikariPool-1 - Start completed.
2022-12-04 15:17:19,874 INFO org.hibernate.jpa.internal.util.LogHelper [JavaFX-Launcher] HHH000204: Processing PersistenceUnitInfo [name: default]
2022-12-04 15:17:19,897 INFO org.hibernate.Version [JavaFX-Launcher] HHH000412: Hibernate ORM core version 5.6.12.Final
2022-12-04 15:17:19,971 INFO org.hibernate.annotations.common.reflection.java.JavaReflectionManager [JavaFX-Launcher] HCANN000001: Hibernate Commons Annotations {5.1.2.Final}
2022-12-04 15:17:20,021 INFO org.hibernate.dialect.Dialect [JavaFX-Launcher] HHH000400: Using dialect: org.hibernate.dialect.PostgreSQL10Dialect
2022-12-04 15:17:20,273 INFO org.hibernate.engine.transaction.jta.platform.internal.JtaPlatformInitiator [JavaFX-Launcher] HHH000490: Using JtaPlatform implementation: [org.hibernate.engine.transaction.jta.platform.internal.NoJtaPlatform]
2022-12-04 15:17:20,283 INFO org.springframework.orm.jpa.AbstractEntityManagerFactoryBean [JavaFX-Launcher] Initialized JPA EntityManagerFactory for persistence unit 'default'
2022-12-04 15:17:20,546 INFO org.springframework.boot.StartupInfoLogger [JavaFX-Launcher] Started application in 1.894 seconds (JVM running for 7.66)
2022-12-04 15:17:42,626 INFO org.springframework.orm.jpa.AbstractEntityManagerFactoryBean [SpringApplicationShutdownHook] Closing JPA EntityManagerFactory for persistence unit 'default'
2022-12-04 15:17:42,639 INFO com.zaxxer.hikari.HikariDataSource [SpringApplicationShutdownHook] HikariPool-1 - Shutdown initiated...
2022-12-04 15:17:42,812 INFO com.zaxxer.hikari.HikariDataSource [SpringApplicationShutdownHook] HikariPool-1 - Shutdown completed.
2022-12-04 15:17:50,269 INFO org.springframework.boot.StartupInfoLogger [JavaFX-Launcher] Starting application using Java 19.0.1 on Ruslans-MacBook-Pro.local with PID 2413 (started by ruslanr in /Users/ruslanr/University/AppliedProgramming/AirManager)
2022-12-04 15:17:50,270 INFO org.springframework.boot.SpringApplication [JavaFX-Launcher] No active profile set, falling back to 1 default profile: "default"
2022-12-04 15:17:50,470 INFO org.springframework.data.repository.config.RepositoryConfigurationDelegate [JavaFX-Launcher] Bootstrapping Spring Data JPA repositories in DEFAULT mode.
2022-12-04 15:17:50,502 INFO org.springframework.data.repository.config.RepositoryConfigurationDelegate [JavaFX-Launcher] Finished Spring Data repository scanning in 28 ms. Found 4 JPA repository interfaces.
2022-12-04 15:17:50,642 INFO com.zaxxer.hikari.HikariDataSource [JavaFX-Launcher] HikariPool-1 - Starting...
2022-12-04 15:17:51,004 INFO com.zaxxer.hikari.HikariDataSource [JavaFX-Launcher] HikariPool-1 - Start completed.
2022-12-04 15:17:51,030 INFO org.hibernate.jpa.internal.util.LogHelper [JavaFX-Launcher] HHH000204: Processing PersistenceUnitInfo [name: default]
2022-12-04 15:17:51,051 INFO org.hibernate.Version [JavaFX-Launcher] HHH000412: Hibernate ORM core version 5.6.12.Final
2022-12-04 15:17:51,112 INFO org.hibernate.annotations.common.reflection.java.JavaReflectionManager [JavaFX-Launcher] HCANN000001: Hibernate Commons Annotations {5.1.2.Final}
2022-12-04 15:17:51,164 INFO org.hibernate.dialect.Dialect [JavaFX-Launcher] HHH000400: Using dialect: org.hibernate.dialect.PostgreSQL10Dialect
2022-12-04 15:17:51,660 INFO org.hibernate.engine.transaction.jta.platform.internal.JtaPlatformInitiator [JavaFX-Launcher] HHH000490: Using JtaPlatform implementation: [org.hibernate.engine.transaction.jta.platform.internal.NoJtaPlatform]
2022-12-04 15:17:51,663 INFO org.springframework.orm.jpa.AbstractEntityManagerFactoryBean [JavaFX-Launcher] Initialized JPA EntityManagerFactory for persistence unit 'default'
2022-12-04 15:17:51,912 INFO org.springframework.boot.StartupInfoLogger [JavaFX-Launcher] Started application in 1.79 seconds (JVM running for 7.34)
2022-12-04 15:19:58,740 INFO org.springframework.orm.jpa.AbstractEntityManagerFactoryBean [SpringApplicationShutdownHook] Closing JPA EntityManagerFactory for persistence unit 'default'
2022-12-04 15:19:58,747 INFO com.zaxxer.hikari.HikariDataSource [SpringApplicationShutdownHook] HikariPool-1 - Shutdown initiated...
2022-12-04 15:19:58,913 INFO com.zaxxer.hikari.HikariDataSource [SpringApplicationShutdownHook] HikariPool-1 - Shutdown completed.
2022-12-04 15:20:06,350 INFO org.springframework.boot.StartupInfoLogger [JavaFX-Launcher] Starting application using Java 19.0.1 on Ruslans-MacBook-Pro.local with PID 2456 (started by ruslanr in /Users/ruslanr/University/AppliedProgramming/AirManager)
2022-12-04 15:20:06,351 INFO org.springframework.boot.SpringApplication [JavaFX-Launcher] No active profile set, falling back to 1 default profile: "default"
2022-12-04 15:20:06,567 INFO org.springframework.data.repository.config.RepositoryConfigurationDelegate [JavaFX-Launcher] Bootstrapping Spring Data JPA repositories in DEFAULT mode.
2022-12-04 15:20:06,597 INFO org.springframework.data.repository.config.RepositoryConfigurationDelegate [JavaFX-Launcher] Finished Spring Data repository scanning in 26 ms. Found 4 JPA repository interfaces.
2022-12-04 15:20:06,797 INFO com.zaxxer.hikari.HikariDataSource [JavaFX-Launcher] HikariPool-1 - Starting...
2022-12-04 15:20:07,238 INFO com.zaxxer.hikari.HikariDataSource [JavaFX-Launcher] HikariPool-1 - Start completed.
2022-12-04 15:20:07,270 INFO org.hibernate.jpa.internal.util.LogHelper [JavaFX-Launcher] HHH000204: Processing PersistenceUnitInfo [name: default]
2022-12-04 15:20:07,291 INFO org.hibernate.Version [JavaFX-Launcher] HHH000412: Hibernate ORM core version 5.6.12.Final
2022-12-04 15:20:07,365 INFO org.hibernate.annotations.common.reflection.java.JavaReflectionManager [JavaFX-Launcher] HCANN000001: Hibernate Commons Annotations {5.1.2.Final}
2022-12-04 15:20:07,414 INFO org.hibernate.dialect.Dialect [JavaFX-Launcher] HHH000400: Using dialect: org.hibernate.dialect.PostgreSQL10Dialect
2022-12-04 15:20:07,662 INFO org.hibernate.engine.transaction.jta.platform.internal.JtaPlatformInitiator [JavaFX-Launcher] HHH000490: Using JtaPlatform implementation: [org.hibernate.engine.transaction.jta.platform.internal.NoJtaPlatform]
2022-12-04 15:20:07,666 INFO org.springframework.orm.jpa.AbstractEntityManagerFactoryBean [JavaFX-Launcher] Initialized JPA EntityManagerFactory for persistence unit 'default'
2022-12-04 15:20:07,918 INFO org.springframework.boot.StartupInfoLogger [JavaFX-Launcher] Started application in 1.708 seconds (JVM running for 7.213)
2022-12-04 15:20:54,457 INFO org.springframework.orm.jpa.AbstractEntityManagerFactoryBean [SpringApplicationShutdownHook] Closing JPA EntityManagerFactory for persistence unit 'default'
2022-12-04 15:20:54,469 INFO com.zaxxer.hikari.HikariDataSource [SpringApplicationShutdownHook] HikariPool-1 - Shutdown initiated...
2022-12-04 15:20:54,621 INFO com.zaxxer.hikari.HikariDataSource [SpringApplicationShutdownHook] HikariPool-1 - Shutdown completed.
2022-12-04 15:21:02,121 INFO org.springframework.boot.StartupInfoLogger [JavaFX-Launcher] Starting application using Java 19.0.1 on Ruslans-MacBook-Pro.local with PID 2467 (started by ruslanr in /Users/ruslanr/University/AppliedProgramming/AirManager)
2022-12-04 15:21:02,122 INFO org.springframework.boot.SpringApplication [JavaFX-Launcher] No active profile set, falling back to 1 default profile: "default"
2022-12-04 15:21:02,298 INFO org.springframework.data.repository.config.RepositoryConfigurationDelegate [JavaFX-Launcher] Bootstrapping Spring Data JPA repositories in DEFAULT mode.
2022-12-04 15:21:02,327 INFO org.springframework.data.repository.config.RepositoryConfigurationDelegate [JavaFX-Launcher] Finished Spring Data repository scanning in 24 ms. Found 4 JPA repository interfaces.
2022-12-04 15:21:02,465 INFO com.zaxxer.hikari.HikariDataSource [JavaFX-Launcher] HikariPool-1 - Starting...
2022-12-04 15:21:02,911 INFO com.zaxxer.hikari.HikariDataSource [JavaFX-Launcher] HikariPool-1 - Start completed.
2022-12-04 15:21:02,940 INFO org.hibernate.jpa.internal.util.LogHelper [JavaFX-Launcher] HHH000204: Processing PersistenceUnitInfo [name: default]
2022-12-04 15:21:02,961 INFO org.hibernate.Version [JavaFX-Launcher] HHH000412: Hibernate ORM core version 5.6.12.Final
2022-12-04 15:21:03,027 INFO org.hibernate.annotations.common.reflection.java.JavaReflectionManager [JavaFX-Launcher] HCANN000001: Hibernate Commons Annotations {5.1.2.Final}
2022-12-04 15:21:03,072 INFO org.hibernate.dialect.Dialect [JavaFX-Launcher] HHH000400: Using dialect: org.hibernate.dialect.PostgreSQL10Dialect
2022-12-04 15:21:03,318 INFO org.hibernate.engine.transaction.jta.platform.internal.JtaPlatformInitiator [JavaFX-Launcher] HHH000490: Using JtaPlatform implementation: [org.hibernate.engine.transaction.jta.platform.internal.NoJtaPlatform]
2022-12-04 15:21:03,321 INFO org.springframework.orm.jpa.AbstractEntityManagerFactoryBean [JavaFX-Launcher] Initialized JPA EntityManagerFactory for persistence unit 'default'
2022-12-04 15:21:03,569 INFO org.springframework.boot.StartupInfoLogger [JavaFX-Launcher] Started application in 1.595 seconds (JVM running for 7.153)
2022-12-04 15:21:38,938 INFO org.springframework.orm.jpa.AbstractEntityManagerFactoryBean [SpringApplicationShutdownHook] Closing JPA EntityManagerFactory for persistence unit 'default'
2022-12-04 15:21:38,943 INFO com.zaxxer.hikari.HikariDataSource [SpringApplicationShutdownHook] HikariPool-1 - Shutdown initiated...
2022-12-04 15:21:39,102 INFO com.zaxxer.hikari.HikariDataSource [SpringApplicationShutdownHook] HikariPool-1 - Shutdown completed.
2022-12-04 15:21:46,770 INFO org.springframework.boot.StartupInfoLogger [JavaFX-Launcher] Starting application using Java 19.0.1 on Ruslans-MacBook-Pro.local with PID 2478 (started by ruslanr in /Users/ruslanr/University/AppliedProgramming/AirManager)
2022-12-04 15:21:46,771 INFO org.springframework.boot.SpringApplication [JavaFX-Launcher] No active profile set, falling back to 1 default profile: "default"
2022-12-04 15:21:46,978 INFO org.springframework.data.repository.config.RepositoryConfigurationDelegate [JavaFX-Launcher] Bootstrapping Spring Data JPA repositories in DEFAULT mode.
2022-12-04 15:21:47,006 INFO org.springframework.data.repository.config.RepositoryConfigurationDelegate [JavaFX-Launcher] Finished Spring Data repository scanning in 24 ms. Found 4 JPA repository interfaces.
2022-12-04 15:21:47,139 INFO com.zaxxer.hikari.HikariDataSource [JavaFX-Launcher] HikariPool-1 - Starting...
2022-12-04 15:21:47,584 INFO com.zaxxer.hikari.HikariDataSource [JavaFX-Launcher] HikariPool-1 - Start completed.
2022-12-04 15:21:47,615 INFO org.hibernate.jpa.internal.util.LogHelper [JavaFX-Launcher] HHH000204: Processing PersistenceUnitInfo [name: default]
2022-12-04 15:21:47,637 INFO org.hibernate.Version [JavaFX-Launcher] HHH000412: Hibernate ORM core version 5.6.12.Final
2022-12-04 15:21:47,699 INFO org.hibernate.annotations.common.reflection.java.JavaReflectionManager [JavaFX-Launcher] HCANN000001: Hibernate Commons Annotations {5.1.2.Final}
2022-12-04 15:21:47,756 INFO org.hibernate.dialect.Dialect [JavaFX-Launcher] HHH000400: Using dialect: org.hibernate.dialect.PostgreSQL10Dialect
2022-12-04 15:21:48,002 INFO org.hibernate.engine.transaction.jta.platform.internal.JtaPlatformInitiator [JavaFX-Launcher] HHH000490: Using JtaPlatform implementation: [org.hibernate.engine.transaction.jta.platform.internal.NoJtaPlatform]
2022-12-04 15:21:48,010 INFO org.springframework.orm.jpa.AbstractEntityManagerFactoryBean [JavaFX-Launcher] Initialized JPA EntityManagerFactory for persistence unit 'default'
2022-12-04 15:21:48,263 INFO org.springframework.boot.StartupInfoLogger [JavaFX-Launcher] Started application in 1.632 seconds (JVM running for 7.141)
2022-12-04 15:24:59,861 INFO org.springframework.orm.jpa.AbstractEntityManagerFactoryBean [SpringApplicationShutdownHook] Closing JPA EntityManagerFactory for persistence unit 'default'
2022-12-04 15:24:59,865 INFO com.zaxxer.hikari.HikariDataSource [SpringApplicationShutdownHook] HikariPool-1 - Shutdown initiated...
2022-12-04 15:25:00,032 INFO com.zaxxer.hikari.HikariDataSource [SpringApplicationShutdownHook] HikariPool-1 - Shutdown completed.
2022-12-04 15:25:07,833 INFO org.springframework.boot.StartupInfoLogger [JavaFX-Launcher] Starting application using Java 19.0.1 on Ruslans-MacBook-Pro.local with PID 2531 (started by ruslanr in /Users/ruslanr/University/AppliedProgramming/AirManager)
2022-12-04 15:25:07,834 INFO org.springframework.boot.SpringApplication [JavaFX-Launcher] No active profile set, falling back to 1 default profile: "default"
2022-12-04 15:25:08,048 INFO org.springframework.data.repository.config.RepositoryConfigurationDelegate [JavaFX-Launcher] Bootstrapping Spring Data JPA repositories in DEFAULT mode.
2022-12-04 15:25:08,076 INFO org.springframework.data.repository.config.RepositoryConfigurationDelegate [JavaFX-Launcher] Finished Spring Data repository scanning in 25 ms. Found 4 JPA repository interfaces.
2022-12-04 15:25:08,211 INFO com.zaxxer.hikari.HikariDataSource [JavaFX-Launcher] HikariPool-1 - Starting...
2022-12-04 15:25:09,104 INFO com.zaxxer.hikari.HikariDataSource [JavaFX-Launcher] HikariPool-1 - Start completed.
2022-12-04 15:25:09,134 INFO org.hibernate.jpa.internal.util.LogHelper [JavaFX-Launcher] HHH000204: Processing PersistenceUnitInfo [name: default]
2022-12-04 15:25:09,155 INFO org.hibernate.Version [JavaFX-Launcher] HHH000412: Hibernate ORM core version 5.6.12.Final
2022-12-04 15:25:09,222 INFO org.hibernate.annotations.common.reflection.java.JavaReflectionManager [JavaFX-Launcher] HCANN000001: Hibernate Commons Annotations {5.1.2.Final}
2022-12-04 15:25:09,265 INFO org.hibernate.dialect.Dialect [JavaFX-Launcher] HHH000400: Using dialect: org.hibernate.dialect.PostgreSQL10Dialect
2022-12-04 15:25:09,510 INFO org.hibernate.engine.transaction.jta.platform.internal.JtaPlatformInitiator [JavaFX-Launcher] HHH000490: Using JtaPlatform implementation: [org.hibernate.engine.transaction.jta.platform.internal.NoJtaPlatform]
2022-12-04 15:25:09,513 INFO org.springframework.orm.jpa.AbstractEntityManagerFactoryBean [JavaFX-Launcher] Initialized JPA EntityManagerFactory for persistence unit 'default'
2022-12-04 15:25:09,763 INFO org.springframework.boot.StartupInfoLogger [JavaFX-Launcher] Started application in 2.074 seconds (JVM running for 7.715)
2022-12-04 15:26:02,218 INFO org.springframework.orm.jpa.AbstractEntityManagerFactoryBean [SpringApplicationShutdownHook] Closing JPA EntityManagerFactory for persistence unit 'default'
2022-12-04 15:26:02,225 INFO com.zaxxer.hikari.HikariDataSource [SpringApplicationShutdownHook] HikariPool-1 - Shutdown initiated...
2022-12-04 15:26:02,387 INFO com.zaxxer.hikari.HikariDataSource [SpringApplicationShutdownHook] HikariPool-1 - Shutdown completed.
2022-12-04 15:26:09,975 INFO org.springframework.boot.StartupInfoLogger [JavaFX-Launcher] Starting application using Java 19.0.1 on Ruslans-MacBook-Pro.local with PID 2550 (started by ruslanr in /Users/ruslanr/University/AppliedProgramming/AirManager)
2022-12-04 15:26:09,976 INFO org.springframework.boot.SpringApplication [JavaFX-Launcher] No active profile set, falling back to 1 default profile: "default"
2022-12-04 15:26:10,186 INFO org.springframework.data.repository.config.RepositoryConfigurationDelegate [JavaFX-Launcher] Bootstrapping Spring Data JPA repositories in DEFAULT mode.
2022-12-04 15:26:10,215 INFO org.springframework.data.repository.config.RepositoryConfigurationDelegate [JavaFX-Launcher] Finished Spring Data repository scanning in 24 ms. Found 4 JPA repository interfaces.
2022-12-04 15:26:10,356 INFO com.zaxxer.hikari.HikariDataSource [JavaFX-Launcher] HikariPool-1 - Starting...
2022-12-04 15:26:10,797 INFO com.zaxxer.hikari.HikariDataSource [JavaFX-Launcher] HikariPool-1 - Start completed.
2022-12-04 15:26:10,825 INFO org.hibernate.jpa.internal.util.LogHelper [JavaFX-Launcher] HHH000204: Processing PersistenceUnitInfo [name: default]
2022-12-04 15:26:10,846 INFO org.hibernate.Version [JavaFX-Launcher] HHH000412: Hibernate ORM core version 5.6.12.Final
2022-12-04 15:26:10,906 INFO org.hibernate.annotations.common.reflection.java.JavaReflectionManager [JavaFX-Launcher] HCANN000001: Hibernate Commons Annotations {5.1.2.Final}
2022-12-04 15:26:10,958 INFO org.hibernate.dialect.Dialect [JavaFX-Launcher] HHH000400: Using dialect: org.hibernate.dialect.PostgreSQL10Dialect
2022-12-04 15:26:11,202 INFO org.hibernate.engine.transaction.jta.platform.internal.JtaPlatformInitiator [JavaFX-Launcher] HHH000490: Using JtaPlatform implementation: [org.hibernate.engine.transaction.jta.platform.internal.NoJtaPlatform]
2022-12-04 15:26:11,205 INFO org.springframework.orm.jpa.AbstractEntityManagerFactoryBean [JavaFX-Launcher] Initialized JPA EntityManagerFactory for persistence unit 'default'
2022-12-04 15:26:11,450 INFO org.springframework.boot.StartupInfoLogger [JavaFX-Launcher] Started application in 1.615 seconds (JVM running for 7.089)
2022-12-04 15:27:22,479 INFO org.springframework.orm.jpa.AbstractEntityManagerFactoryBean [SpringApplicationShutdownHook] Closing JPA EntityManagerFactory for persistence unit 'default'
2022-12-04 15:27:22,492 INFO com.zaxxer.hikari.HikariDataSource [SpringApplicationShutdownHook] HikariPool-1 - Shutdown initiated...
2022-12-04 15:27:22,656 INFO com.zaxxer.hikari.HikariDataSource [SpringApplicationShutdownHook] HikariPool-1 - Shutdown completed.
2022-12-04 15:27:30,098 INFO org.springframework.boot.StartupInfoLogger [JavaFX-Launcher] Starting application using Java 19.0.1 on Ruslans-MacBook-Pro.local with PID 2581 (started by ruslanr in /Users/ruslanr/University/AppliedProgramming/AirManager)
2022-12-04 15:27:30,099 INFO org.springframework.boot.SpringApplication [JavaFX-Launcher] No active profile set, falling back to 1 default profile: "default"
2022-12-04 15:27:30,329 INFO org.springframework.data.repository.config.RepositoryConfigurationDelegate [JavaFX-Launcher] Bootstrapping Spring Data JPA repositories in DEFAULT mode.
2022-12-04 15:27:30,356 INFO org.springframework.data.repository.config.RepositoryConfigurationDelegate [JavaFX-Launcher] Finished Spring Data repository scanning in 23 ms. Found 4 JPA repository interfaces.
2022-12-04 15:27:30,508 INFO com.zaxxer.hikari.HikariDataSource [JavaFX-Launcher] HikariPool-1 - Starting...
2022-12-04 15:27:30,917 INFO com.zaxxer.hikari.HikariDataSource [JavaFX-Launcher] HikariPool-1 - Start completed.
2022-12-04 15:27:30,948 INFO org.hibernate.jpa.internal.util.LogHelper [JavaFX-Launcher] HHH000204: Processing PersistenceUnitInfo [name: default]
2022-12-04 15:27:30,970 INFO org.hibernate.Version [JavaFX-Launcher] HHH000412: Hibernate ORM core version 5.6.12.Final
2022-12-04 15:27:31,031 INFO org.hibernate.annotations.common.reflection.java.JavaReflectionManager [JavaFX-Launcher] HCANN000001: Hibernate Commons Annotations {5.1.2.Final}
2022-12-04 15:27:31,081 INFO org.hibernate.dialect.Dialect [JavaFX-Launcher] HHH000400: Using dialect: org.hibernate.dialect.PostgreSQL10Dialect
2022-12-04 15:27:31,326 INFO org.hibernate.engine.transaction.jta.platform.internal.JtaPlatformInitiator [JavaFX-Launcher] HHH000490: Using JtaPlatform implementation: [org.hibernate.engine.transaction.jta.platform.internal.NoJtaPlatform]
2022-12-04 15:27:31,329 INFO org.springframework.orm.jpa.AbstractEntityManagerFactoryBean [JavaFX-Launcher] Initialized JPA EntityManagerFactory for persistence unit 'default'
2022-12-04 15:27:31,576 INFO org.springframework.boot.StartupInfoLogger [JavaFX-Launcher] Started application in 1.621 seconds (JVM running for 7.108)
2022-12-04 15:44:24,637 WARN com.zaxxer.hikari.pool.HikariPool$HouseKeeper [HikariPool-1 housekeeper] HikariPool-1 - Thread starvation or clock leap detected (housekeeper delta=2m53s476ms).
2022-12-04 15:50:06,010 WARN com.zaxxer.hikari.pool.HikariPool$HouseKeeper [HikariPool-1 housekeeper] HikariPool-1 - Thread starvation or clock leap detected (housekeeper delta=4m11s341ms).
2022-12-04 22:24:02,841 WARN com.zaxxer.hikari.pool.HikariPool$HouseKeeper [HikariPool-1 housekeeper] HikariPool-1 - Thread starvation or clock leap detected (housekeeper delta=2m23s531ms).
2022-12-04 22:24:56,300 INFO org.springframework.orm.jpa.AbstractEntityManagerFactoryBean [SpringApplicationShutdownHook] Closing JPA EntityManagerFactory for persistence unit 'default'
2022-12-04 22:24:56,308 INFO com.zaxxer.hikari.HikariDataSource [SpringApplicationShutdownHook] HikariPool-1 - Shutdown initiated...
2022-12-04 22:24:56,469 INFO com.zaxxer.hikari.HikariDataSource [SpringApplicationShutdownHook] HikariPool-1 - Shutdown completed.
